<?xml version="1.0" encoding="UTF-8"?>
<testsuite xmlns:xsi="http://www.w3.org/2001/XMLSchema-instance" xsi:noNamespaceSchemaLocation="https://maven.apache.org/surefire/maven-surefire-plugin/xsd/surefire-test-report-3.0.xsd" version="3.0" name="TestSuite" time="172.454" tests="1" errors="0" skipped="0" failures="0">
  <properties>
[...]
</properties>
  <testcase name="runScenario[&quot;hybrid flow&quot;, &quot;Hybrid High Priority flow&quot;](1)" classname="runner.TestRunner" time="170.314">
    <system-out><![CDATA[
@Hybrid
Scenario Outline: hybrid flow                                                              &amp#27;[90m# src/test/resources/login.feature:180&amp#27;[0m
  &amp#27;[32mAnd &amp#27;[0m&amp#27;[32mUser enters Email as &amp#27;[0m&amp#27;[32m&amp#27;[1m"usernameKeyInPropFile"&amp#27;[0m&amp#27;[32m and Password as &amp#27;[0m&amp#27;[32m&amp#27;[1m"passwordKeyInPropFile"&amp#27;[0m &amp#27;[90m# project2.stepDefinitions.LoginSteps.enter_credentials(java.lang.String,java.lang.String)&amp#27;[0m
  &amp#27;[32mAnd &amp#27;[0m&amp#27;[32mClick on Login&amp#27;[0m                                                                       &amp#27;[90m# project2.stepDefinitions.LoginSteps.click_login()&amp#27;[0m
  &amp#27;[32mAnd &amp#27;[0m&amp#27;[32muser wait additional 10 sec&amp#27;[0m                                                          &amp#27;[90m# project2.stepDefinitions.Reset_Password_Test.user_wait_10_sec1()&amp#27;[0m
  &amp#27;[32mAnd &amp#27;[0m&amp#27;[32muser click on create button&amp#27;[0m                                                          &amp#27;[90m# project2.stepDefinitions.hybrid_test.user_click_on_create_button()&amp#27;[0m
  &amp#27;[32mAnd &amp#27;[0m&amp#27;[32muser enter event title &amp#27;[0m&amp#27;[32m&amp#27;[1m"eventtitleInPropFile"&amp#27;[0m                                        &amp#27;[90m# project2.stepDefinitions.hybrid_test.user_enter_event_title(java.lang.String)&amp#27;[0m
  &amp#27;[32mAnd &amp#27;[0m&amp#27;[32muser select date from date picker &amp#27;[0m&amp#27;[32m&amp#27;[1m"dateInPropFile"&amp#27;[0m                                   &amp#27;[90m# project2.stepDefinitions.hybrid_test.user_select_date_from_date_picker(java.lang.String)&amp#27;[0m
  &amp#27;[32mAnd &amp#27;[0m&amp#27;[32muser scroll to Hybrid section&amp#27;[0m                                                        &amp#27;[90m# project2.stepDefinitions.hybrid_test.user_scroll_to_hybrid_section()&amp#27;[0m
  &amp#27;[32mAnd &amp#27;[0m&amp#27;[32muser clicks on Hybrid toggle&amp#27;[0m                                                         &amp#27;[90m# project2.stepDefinitions.hybrid_test.user_clicks_on_hybrid_toggle()&amp#27;[0m
  &amp#27;[32mThen &amp#27;[0m&amp#27;[32mVenue and Address fields should be visible&amp#27;[0m                                          &amp#27;[90m# project2.stepDefinitions.hybrid_test.venue_and_address_fields_should_be_visible()&amp#27;[0m
  &amp#27;[32mAnd &amp#27;[0m&amp#27;[32muser enters venue &amp#27;[0m&amp#27;[32m&amp#27;[1m"venueNameInPropFile"&amp#27;[0m                                              &amp#27;[90m# project2.stepDefinitions.hybrid_test.user_enters_venue(java.lang.String)&amp#27;[0m
  &amp#27;[32mAnd &amp#27;[0m&amp#27;[32muser enters address &amp#27;[0m&amp#27;[32m&amp#27;[1m"venueAddressInPropFile"&amp#27;[0m                                         &amp#27;[90m# project2.stepDefinitions.hybrid_test.user_enters_address(java.lang.String)&amp#27;[0m
  &amp#27;[32mAnd &amp#27;[0m&amp#27;[32muser clicks on Save button&amp#27;[0m                                                           &amp#27;[90m# project2.stepDefinitions.hybrid_test.user_clicks_on_save_button()&amp#27;[0m
  &amp#27;[32mAnd &amp#27;[0m&amp#27;[32muser wait additional 10 sec&amp#27;[0m                                                          &amp#27;[90m# project2.stepDefinitions.Reset_Password_Test.user_wait_10_sec1()&amp#27;[0m
  &amp#27;[32mThen &amp#27;[0m&amp#27;[32mUser can see overview page title &amp#27;[0m&amp#27;[32m&amp#27;[1m"Overview"&amp#27;[0m                                         &amp#27;[90m# project2.stepDefinitions.LoginSteps.verifyOverview(java.lang.String)&amp#27;[0m
  &amp#27;[32mAnd &amp#27;[0m&amp#27;[32muser scroll to Hybrid section&amp#27;[0m                                                        &amp#27;[90m# project2.stepDefinitions.hybrid_test.user_scroll_to_hybrid_section()&amp#27;[0m
  &amp#27;[32mThen &amp#27;[0m&amp#27;[32mVenue and Address fields should be visible&amp#27;[0m                                          &amp#27;[90m# project2.stepDefinitions.hybrid_test.venue_and_address_fields_should_be_visible()&amp#27;[0m
  &amp#27;[32mAnd &amp#27;[0m&amp#27;[32muser wait additional 10 sec&amp#27;[0m                                                          &amp#27;[90m# project2.stepDefinitions.Reset_Password_Test.user_wait_10_sec1()&amp#27;[0m
  &amp#27;[32mAnd &amp#27;[0m&amp#27;[32muser scroll to email section&amp#27;[0m                                                         &amp#27;[90m# project2.stepDefinitions.hybrid_test.user_scroll_to_email_section()&amp#27;[0m
  &amp#27;[32mAnd &amp#27;[0m&amp#27;[32muser wait additional 10 sec&amp#27;[0m                                                          &amp#27;[90m# project2.stepDefinitions.Reset_Password_Test.user_wait_10_sec1()&amp#27;[0m
  &amp#27;[32mAnd &amp#27;[0m&amp#27;[32muser click on preview&amp#27;[0m                                                                &amp#27;[90m# project2.stepDefinitions.hybrid_test.user_click_on_preview()&amp#27;[0m
  &amp#27;[32mAnd &amp#27;[0m&amp#27;[32muser wait additional 10 sec&amp#27;[0m                                                          &amp#27;[90m# project2.stepDefinitions.Reset_Password_Test.user_wait_10_sec1()&amp#27;[0m
  &amp#27;[32mAnd &amp#27;[0m&amp#27;[32muser click on insert token&amp#27;[0m                                                           &amp#27;[90m# project2.stepDefinitions.hybrid_test.user_click_insert_token()&amp#27;[0m
  &amp#27;[32mAnd &amp#27;[0m&amp#27;[32muser wait additional 10 sec&amp#27;[0m                                                          &amp#27;[90m# project2.stepDefinitions.Reset_Password_Test.user_wait_10_sec1()&amp#27;[0m
  &amp#27;[32mAnd &amp#27;[0m&amp#27;[32muser adds email tokens&amp#27;[0m                                                               &amp#27;[90m# project2.stepDefinitions.hybrid_test.user_adds_email_tokens()&amp#27;[0m
  &amp#27;[32mAnd &amp#27;[0m&amp#27;[32muser wait additional 10 sec&amp#27;[0m                                                          &amp#27;[90m# project2.stepDefinitions.Reset_Password_Test.user_wait_10_sec1()&amp#27;[0m
  &amp#27;[32mAnd &amp#27;[0m&amp#27;[32muser clicks on Save btn&amp#27;[0m                                                              &amp#27;[90m# project2.stepDefinitions.hybrid_test.user_clicks_on_save_btn()&amp#27;[0m
  &amp#27;[32mAnd &amp#27;[0m&amp#27;[32muser wait additional 10 sec&amp#27;[0m                                                          &amp#27;[90m# project2.stepDefinitions.Reset_Password_Test.user_wait_10_sec1()&amp#27;[0m
  &amp#27;[32mAnd &amp#27;[0m&amp#27;[32muser clicks on close btn&amp#27;[0m                                                             &amp#27;[90m# project2.stepDefinitions.hybrid_test.user_clicks_on_close_btn()&amp#27;[0m
  &amp#27;[32mAnd &amp#27;[0m&amp#27;[32muser wait additional 10 sec&amp#27;[0m                                                          &amp#27;[90m# project2.stepDefinitions.Reset_Password_Test.user_wait_10_sec1()&amp#27;[0m
  &amp#27;[32mAnd &amp#27;[0m&amp#27;[32muser clicks on yes btn&amp#27;[0m                                                               &amp#27;[90m# project2.stepDefinitions.hybrid_test.user_clicks_on_yes_btn()&amp#27;[0m
  &amp#27;[32mAnd &amp#27;[0m&amp#27;[32muser wait additional 10 sec&amp#27;[0m                                                          &amp#27;[90m# project2.stepDefinitions.Reset_Password_Test.user_wait_10_sec1()&amp#27;[0m
  &amp#27;[32mAnd &amp#27;[0m&amp#27;[32mUser clicks on Reg Tab&amp#27;[0m                                                               &amp#27;[90m# project2.stepDefinitions.LoginSteps.clickReg()&amp#27;[0m
  &amp#27;[32mAnd &amp#27;[0m&amp#27;[32muser wait additional 10 sec&amp#27;[0m                                                          &amp#27;[90m# project2.stepDefinitions.Reset_Password_Test.user_wait_10_sec1()&amp#27;[0m
  &amp#27;[32mAnd &amp#27;[0m&amp#27;[32muser scroll to Attendee_type section&amp#27;[0m                                                 &amp#27;[90m# project2.stepDefinitions.hybrid_test.user_scroll_to_Attendee_type_section()&amp#27;[0m
  &amp#27;[32mAnd &amp#27;[0m&amp#27;[32muser wait additional 10 sec&amp#27;[0m                                                          &amp#27;[90m# project2.stepDefinitions.Reset_Password_Test.user_wait_10_sec1()&amp#27;[0m
  &amp#27;[32mAnd &amp#27;[0m&amp#27;[32muser clicks on link and embed  btn&amp#27;[0m                                                   &amp#27;[90m# project2.stepDefinitions.hybrid_test.user_clicks_on_linkandembed_btn()&amp#27;[0m
  &amp#27;[32mAnd &amp#27;[0m&amp#27;[32muser wait additional 10 sec&amp#27;[0m                                                          &amp#27;[90m# project2.stepDefinitions.Reset_Password_Test.user_wait_10_sec1()&amp#27;[0m
  &amp#27;[32mAnd &amp#27;[0m&amp#27;[32muser clicks on Audience Link btn&amp#27;[0m                                                     &amp#27;[90m# project2.stepDefinitions.hybrid_test.user_clicks_on_Audience_Link_btn()&amp#27;[0m
  &amp#27;[32mAnd &amp#27;[0m&amp#27;[32muser wait additional 10 sec&amp#27;[0m                                                          &amp#27;[90m# project2.stepDefinitions.Reset_Password_Test.user_wait_10_sec1()&amp#27;[0m
  &amp#27;[32mAnd &amp#27;[0m&amp#27;[32muser enter first name &amp#27;[0m&amp#27;[32m&amp#27;[1m"FirstnameInPropFile"&amp#27;[0m                                          &amp#27;[90m# project2.stepDefinitions.hybrid_test.user_first_name(java.lang.String)&amp#27;[0m
  &amp#27;[32mAnd &amp#27;[0m&amp#27;[32muser enter last name &amp#27;[0m&amp#27;[32m&amp#27;[1m"LastnameInPropFile"&amp#27;[0m                                            &amp#27;[90m# project2.stepDefinitions.hybrid_test.user_last_name(java.lang.String)&amp#27;[0m
  &amp#27;[32mAnd &amp#27;[0m&amp#27;[32muser enter email name &amp#27;[0m&amp#27;[32m&amp#27;[1m"EmailInPropFile"&amp#27;[0m                                              &amp#27;[90m# project2.stepDefinitions.hybrid_test.user_email_name(java.lang.String)&amp#27;[0m
  &amp#27;[32mAnd &amp#27;[0m&amp#27;[32muser enter company name &amp#27;[0m&amp#27;[32m&amp#27;[1m"CompanyInPropFile"&amp#27;[0m                                          &amp#27;[90m# project2.stepDefinitions.hybrid_test.user_company_name(java.lang.String)&amp#27;[0m
  &amp#27;[32mAnd &amp#27;[0m&amp#27;[32muser select inperson &amp#27;[0m&amp#27;[32m&amp#27;[1m"InPropFile_Attendee_Type"&amp#27;[0m                                      &amp#27;[90m# project2.stepDefinitions.hybrid_test.select_inperson(java.lang.String)&amp#27;[0m
  &amp#27;[32mAnd &amp#27;[0m&amp#27;[32muser clicks on register button&amp#27;[0m                                                       &amp#27;[90m# project2.stepDefinitions.hybrid_test.user_clicks_on_register_button()&amp#27;[0m
]]></system-out>
    <system-err><![CDATA[Mar 23, 2026 6:54:22 PM org.openqa.selenium.manager.SeleniumManager lambda$runCommand$1
WARNING: The chromedriver version (145.0.7632.77) detected in PATH at C:\Users\ADMIN\Downloads\chromedriver-win64\chromedriver-win64\chromedriver.exe might not be compatible with the detected chrome version (146.0.7680.80); currently, chromedriver 146.0.7680.153 is recommended for chrome 146.*, so it is advised to delete the driver in PATH and retry
Mar 23, 2026 6:54:24 PM org.openqa.selenium.devtools.CdpVersionFinder findNearestMatch
WARNING: Unable to find an exact match for CDP version 146, returning the closest version; found: 145; Please update to a Selenium version that supports CDP version 146
]]></system-err>
  </testcase>
</testsuite>