<?xml version="1.0" encoding="UTF-8"?>
<testsuite xmlns:xsi="http://www.w3.org/2001/XMLSchema-instance" xsi:noNamespaceSchemaLocation="https://maven.apache.org/surefire/maven-surefire-plugin/xsd/surefire-test-report-3.0.xsd" version="3.0" name="runner.TestRunner" time="131.271" tests="1" errors="0" skipped="0" failures="0">
  <properties>
[...]
</properties>
  <testcase name="runScenario[&quot;hybrid flow&quot;, &quot;Hybrid High Priority flow&quot;](1)" classname="runner.TestRunner" time="125.713">
    <system-out><![CDATA[
@Hybrid
Scenario Outline: hybrid flow                                                              # src/test/resources/login.feature:180
2026-04-07 20:57:41 - Initializing Chrome Browser...
2026-04-07 20:57:44 - Browser maximized
2026-04-07 20:57:44 - Implicit wait set to 30 seconds
2026-04-07 20:57:51 - Navigated to URL: https://wccqa.on24.com/webcast/login
  And User enters Email as "usernameKeyInPropFile" and Password as "passwordKeyInPropFile" # project2.stepDefinitions.LoginSteps.enter_credentials(java.lang.String,java.lang.String)
  And Click on Login                                                                       # project2.stepDefinitions.LoginSteps.click_login()
  And user wait additional 10 sec                                                          # project2.stepDefinitions.Reset_Password_Test.user_wait_10_sec1()
2026-04-07 20:57:58 - Clicking on Create button
  And user click on create button                                                          # project2.stepDefinitions.hybrid_test.user_click_on_create_button()
2026-04-07 20:57:59 - Entering Event Title: automation
  And user enter event title "eventtitleInPropFile"                                        # project2.stepDefinitions.hybrid_test.user_enter_event_title(java.lang.String)
2026-04-07 20:58:04 - Selecting Date: 01/01/2040
  And user select date from date picker "dateInPropFile"                                   # project2.stepDefinitions.hybrid_test.user_select_date_from_date_picker(java.lang.String)
2026-04-07 20:58:04 - Scrolling to Hybrid section
  And user scroll to Hybrid section                                                        # project2.stepDefinitions.hybrid_test.user_scroll_to_hybrid_section()
2026-04-07 20:58:04 - Clicking on Hybrid toggle
  And user clicks on Hybrid toggle                                                         # project2.stepDefinitions.hybrid_test.user_clicks_on_hybrid_toggle()
2026-04-07 20:58:05 - Verifying Venue field visibility
2026-04-07 20:58:05 - Verifying Address field visibility
  Then Venue and Address fields should be visible                                          # project2.stepDefinitions.hybrid_test.venue_and_address_fields_should_be_visible()
2026-04-07 20:58:05 - Entering Venue: Professional colony
  And user enters venue "venueNameInPropFile"                                              # project2.stepDefinitions.hybrid_test.user_enters_venue(java.lang.String)
2026-04-07 20:58:05 - Entering Address
  And user enters address "venueAddressInPropFile"                                         # project2.stepDefinitions.hybrid_test.user_enters_address(java.lang.String)
2026-04-07 20:58:05 - Clicking on Save button
  And user clicks on Save button                                                           # project2.stepDefinitions.hybrid_test.user_clicks_on_save_button()
  And user wait additional 10 sec                                                          # project2.stepDefinitions.Reset_Password_Test.user_wait_10_sec1()
  Then User can see overview page title "Overview"                                         # project2.stepDefinitions.LoginSteps.verifyOverview(java.lang.String)
2026-04-07 20:58:27 - Scrolling to Hybrid section
  And user scroll to Hybrid section                                                        # project2.stepDefinitions.hybrid_test.user_scroll_to_hybrid_section()
2026-04-07 20:58:27 - Verifying Venue field visibility
2026-04-07 20:58:27 - Verifying Address field visibility
  Then Venue and Address fields should be visible                                          # project2.stepDefinitions.hybrid_test.venue_and_address_fields_should_be_visible()
  And user wait additional 10 sec                                                          # project2.stepDefinitions.Reset_Password_Test.user_wait_10_sec1()
2026-04-07 20:58:32 - Scrolling to Email section
  And user scroll to email section                                                         # project2.stepDefinitions.hybrid_test.user_scroll_to_email_section()
  And user wait additional 10 sec                                                          # project2.stepDefinitions.Reset_Password_Test.user_wait_10_sec1()
2026-04-07 20:58:37 - Clicking on Preview button
  And user click on preview                                                                # project2.stepDefinitions.hybrid_test.user_click_on_preview()
  And user wait additional 10 sec                                                          # project2.stepDefinitions.Reset_Password_Test.user_wait_10_sec1()
2026-04-07 20:58:42 - Clicking on Insert Token
  And user click on insert token                                                           # project2.stepDefinitions.hybrid_test.user_click_insert_token()
  And user wait additional 10 sec                                                          # project2.stepDefinitions.Reset_Password_Test.user_wait_10_sec1()
2026-04-07 20:58:48 - Adding Email Tokens
2026-04-07 20:58:48 - Clicking on Insert Token
2026-04-07 20:58:48 - Email tokens added successfully
  And user adds email tokens                                                               # project2.stepDefinitions.hybrid_test.user_adds_email_tokens()
  And user wait additional 10 sec                                                          # project2.stepDefinitions.Reset_Password_Test.user_wait_10_sec1()
2026-04-07 20:58:53 - Clicking on Save button (Email section)
  And user clicks on Save btn                                                              # project2.stepDefinitions.hybrid_test.user_clicks_on_save_btn()
  And user wait additional 10 sec                                                          # project2.stepDefinitions.Reset_Password_Test.user_wait_10_sec1()
2026-04-07 20:58:59 - Clicking on Close button
  And user clicks on close btn                                                             # project2.stepDefinitions.hybrid_test.user_clicks_on_close_btn()
  And user wait additional 10 sec                                                          # project2.stepDefinitions.Reset_Password_Test.user_wait_10_sec1()
2026-04-07 20:59:04 - Clicking on Yes button
  And user clicks on yes btn                                                               # project2.stepDefinitions.hybrid_test.user_clicks_on_yes_btn()
  And user wait additional 10 sec                                                          # project2.stepDefinitions.Reset_Password_Test.user_wait_10_sec1()
  And User clicks on Reg Tab                                                               # project2.stepDefinitions.LoginSteps.clickReg()
  And user wait additional 10 sec                                                          # project2.stepDefinitions.Reset_Password_Test.user_wait_10_sec1()
2026-04-07 20:59:14 - Scrolling to Attendee Type section
  And user scroll to Attendee_type section                                                 # project2.stepDefinitions.hybrid_test.user_scroll_to_Attendee_type_section()
  And user wait additional 10 sec                                                          # project2.stepDefinitions.Reset_Password_Test.user_wait_10_sec1()
2026-04-07 20:59:19 - Clicking on Link and Embed
  And user clicks on link and embed  btn                                                   # project2.stepDefinitions.hybrid_test.user_clicks_on_linkandembed_btn()
  And user wait additional 10 sec                                                          # project2.stepDefinitions.Reset_Password_Test.user_wait_10_sec1()
2026-04-07 20:59:25 - Clicking on Audience Link
  And user clicks on Audience Link btn                                                     # project2.stepDefinitions.hybrid_test.user_clicks_on_Audience_Link_btn()
  And user wait additional 10 sec                                                          # project2.stepDefinitions.Reset_Password_Test.user_wait_10_sec1()
2026-04-07 20:59:30 - Entering First Name: Bhushan
  And user enter first name "FirstnameInPropFile"                                          # project2.stepDefinitions.hybrid_test.user_first_name(java.lang.String)
2026-04-07 20:59:40 - Entering Last Name: Mahire
  And user enter last name "LastnameInPropFile"                                            # project2.stepDefinitions.hybrid_test.user_last_name(java.lang.String)
2026-04-07 20:59:41 - Entering Email
  And user enter email name "EmailInPropFile"                                              # project2.stepDefinitions.hybrid_test.user_email_name(java.lang.String)
2026-04-07 20:59:41 - Entering Company: Lms
  And user enter company name "CompanyInPropFile"                                          # project2.stepDefinitions.hybrid_test.user_company_name(java.lang.String)
2026-04-07 20:59:41 - Selecting In-Person attendee type
  And user select inperson "InPropFile_Attendee_Type"                                      # project2.stepDefinitions.hybrid_test.select_inperson(java.lang.String)
2026-04-07 20:59:41 - Clicking on Register button
  And user clicks on register button                                                       # project2.stepDefinitions.hybrid_test.user_clicks_on_register_button()
]]></system-out>
    <system-err><![CDATA[SLF4J(W): No SLF4J providers were found.
SLF4J(W): Defaulting to no-operation (NOP) logger implementation
SLF4J(W): See https://www.slf4j.org/codes.html#noProviders for further details.
Apr 07, 2026 8:57:42 PM org.openqa.selenium.manager.SeleniumManager lambda$runCommand$1
WARNING: The chromedriver version (145.0.7632.77) detected in PATH at C:\Users\ADMIN\Downloads\chromedriver-win64\chromedriver-win64\chromedriver.exe might not be compatible with the detected chrome version (146.0.7680.178); currently, chromedriver 146.0.7680.165 is recommended for chrome 146.*, so it is advised to delete the driver in PATH and retry
Apr 07, 2026 8:57:44 PM org.openqa.selenium.devtools.CdpVersionFinder findNearestMatch
WARNING: Unable to find CDP implementation matching 146
Apr 07, 2026 8:57:44 PM org.openqa.selenium.chromium.ChromiumDriver lambda$new$5
WARNING: Unable to find version of CDP to use for 146.0.7680.178. You may need to include a dependency on a specific version of the CDP using something similar to `org.seleniumhq.selenium:selenium-devtools-v86:4.17.0` where the version ("v86") matches the version of the chromium-based browser you're using and the version number of the artifact is the same as Selenium's.
]]></system-err>
  </testcase>
</testsuite>