<?xml version="1.0" encoding="UTF-8"?>
<testng-results ignored="0" total="1" passed="1" failed="0" skipped="0">
  <reporter-output>
  </reporter-output>
  <suite started-at="2026-03-23T18:53:59 IST" name="Surefire suite" finished-at="2026-03-23T18:56:51 IST" duration-ms="171657">
    <groups>
      <group name="cucumber">
        <method signature="AbstractTestNGCucumberTests.runScenario(io.cucumber.testng.PickleWrapper,io.cucumber.testng.FeatureWrapper)[pri:0, instance:runner.TestRunner@47542153]" name="runScenario" class="io.cucumber.testng.AbstractTestNGCucumberTests"/>
      </group> <!-- cucumber -->
    </groups>
    <test started-at="2026-03-23T18:53:59 IST" name="Surefire test" finished-at="2026-03-23T18:56:51 IST" duration-ms="171657">
      <class name="runner.TestRunner">
        <test-method is-config="true" signature="setUpClass(org.testng.ITestContext)[pri:0, instance:runner.TestRunner@47542153]" started-at="2026-03-23T18:53:59 IST" name="setUpClass" finished-at="2026-03-23T18:54:01 IST" duration-ms="1108" status="PASS">
          <params>
            <param index="0">
              <value>
                <![CDATA[org.testng.TestRunner@1f736d00]]>
              </value>
            </param>
          </params>
          <reporter-output>
          </reporter-output>
        </test-method> <!-- setUpClass -->
        <test-method signature="runScenario(io.cucumber.testng.PickleWrapper,io.cucumber.testng.FeatureWrapper)[pri:0, instance:runner.TestRunner@47542153]" started-at="2026-03-23T18:54:01 IST" name="runScenario" description="Runs Cucumber Scenarios" data-provider="scenarios" finished-at="2026-03-23T18:56:51 IST" duration-ms="170312" status="PASS">
          <params>
            <param index="0">
              <value>
                <![CDATA["hybrid flow"]]>
              </value>
            </param>
            <param index="1">
              <value>
                <![CDATA["Hybrid High Priority flow"]]>
              </value>
            </param>
          </params>
          <reporter-output>
          </reporter-output>
        </test-method> <!-- runScenario -->
        <test-method is-config="true" signature="tearDownClass()[pri:0, instance:runner.TestRunner@47542153]" started-at="2026-03-23T18:56:51 IST" name="tearDownClass" finished-at="2026-03-23T18:56:51 IST" duration-ms="135" status="PASS">
          <reporter-output>
          </reporter-output>
        </test-method> <!-- tearDownClass -->
      </class> <!-- runner.TestRunner -->
    </test> <!-- Surefire test -->
  </suite> <!-- Surefire suite -->
</testng-results>
