<?xml version="1.0" encoding="UTF-8"?>
<testng-results ignored="0" total="1" passed="1" failed="0" skipped="0">
  <reporter-output>
  </reporter-output>
  <suite started-at="2026-04-05T23:55:42 IST" name="Default suite" finished-at="2026-04-06T00:00:22 IST" duration-ms="279119">
    <groups>
      <group name="cucumber">
        <method signature="AbstractTestNGCucumberTests.runScenario(io.cucumber.testng.PickleWrapper,io.cucumber.testng.FeatureWrapper)[pri:0, instance:runner.TestRunner@1b6e1eff]" name="runScenario" class="io.cucumber.testng.AbstractTestNGCucumberTests"/>
      </group> <!-- cucumber -->
    </groups>
    <test started-at="2026-04-05T23:55:42 IST" name="Default test" finished-at="2026-04-06T00:00:22 IST" duration-ms="279119">
      <class name="runner.TestRunner">
        <test-method is-config="true" signature="setUpClass(org.testng.ITestContext)[pri:0, instance:runner.TestRunner@1b6e1eff]" started-at="2026-04-05T23:55:42 IST" name="setUpClass" finished-at="2026-04-05T23:55:44 IST" duration-ms="1658" status="PASS">
          <params>
            <param index="0">
              <value>
                <![CDATA[org.testng.TestRunner@fabef2e]]>
              </value>
            </param>
          </params>
          <reporter-output>
          </reporter-output>
        </test-method> <!-- setUpClass -->
        <test-method signature="runScenario(io.cucumber.testng.PickleWrapper,io.cucumber.testng.FeatureWrapper)[pri:0, instance:runner.TestRunner@1b6e1eff]" started-at="2026-04-05T23:55:44 IST" name="runScenario" description="Runs Cucumber Scenarios" data-provider="scenarios" finished-at="2026-04-06T00:00:21 IST" duration-ms="277193" status="PASS">
          <params>
            <param index="0">
              <value>
                <![CDATA["hybrid flow"]]>
              </value>
            </param>
            <param index="1">
              <value>
                <![CDATA["Hybrid High Priority flow"]]>
              </value>
            </param>
          </params>
          <reporter-output>
          </reporter-output>
        </test-method> <!-- runScenario -->
        <test-method is-config="true" signature="tearDownClass()[pri:0, instance:runner.TestRunner@1b6e1eff]" started-at="2026-04-06T00:00:21 IST" name="tearDownClass" finished-at="2026-04-06T00:00:22 IST" duration-ms="173" status="PASS">
          <reporter-output>
          </reporter-output>
        </test-method> <!-- tearDownClass -->
      </class> <!-- runner.TestRunner -->
    </test> <!-- Default test -->
  </suite> <!-- Default suite -->
</testng-results>
