<?xml version="1.0" encoding="UTF-8"?>
<!-- Generated by org.testng.reporters.JUnitReportReporter -->
<testsuite hostname="Mahire-Bhushan" failures="0" tests="3" name="runner.TestRunner" time="208.336" errors="0" timestamp="2026-03-09T14:54:50 IST" skipped="0">
  <testcase classname="runner.TestRunner" name="runScenario" time="80.467"/>
  <testcase classname="runner.TestRunner" name="runScenario" time="72.485"/>
  <testcase classname="runner.TestRunner" name="runScenario" time="55.384"/>
</testsuite> <!-- runner.TestRunner -->
